  [1m[36mActiveRecord::SchemaMigration Load (2.6ms)[0m  [1mSELECT "schema_migrations".* FROM "schema_migrations"[0m
  [1m[35mActiveRecord::SchemaMigration Load (2.1ms)[0m  SELECT "schema_migrations".* FROM "schema_migrations"
  [1m[36m (2.7ms)[0m  [1m            SELECT sql
            FROM sqlite_master
            WHERE name='index_users_on_email' AND type='index'
            UNION ALL
            SELECT sql
            FROM sqlite_temp_master
            WHERE name='index_users_on_email' AND type='index'
[0m


Started GET "/" for 10.0.2.2 at 2016-01-06 09:00:41 +0000
  [1m[36mActiveRecord::SchemaMigration Load (2.8ms)[0m  [1mSELECT "schema_migrations".* FROM "schema_migrations"[0m
Processing by StaticPagesController#home as HTML
  Rendered static_pages/home.html.erb within layouts/application (21614.2ms)
  Rendered layouts/_shim.html.erb (0.5ms)
  Rendered layouts/_header.html.erb (8.0ms)
  Rendered layouts/_footer.html.erb (1.3ms)
Completed 200 OK in 22950ms (Views: 22867.4ms | ActiveRecord: 0.0ms)


Started GET "/assets/custom.self-bbed9a836e7c2b44894613a1d8fdd8c016df5a57f2a121fa7eb3192095aef4af.css?body=1" for 10.0.2.2 at 2016-01-06 09:01:06 +0000


Started GET "/assets/sessions.self-e3b0c44298fc1c149afbf4c8996fb92427ae41e4649b934ca495991b7852b855.css?body=1" for 10.0.2.2 at 2016-01-06 09:01:07 +0000


Started GET "/assets/users.self-e3b0c44298fc1c149afbf4c8996fb92427ae41e4649b934ca495991b7852b855.css?body=1" for 10.0.2.2 at 2016-01-06 09:01:07 +0000


Started GET "/assets/static_pages.self-e3b0c44298fc1c149afbf4c8996fb92427ae41e4649b934ca495991b7852b855.css?body=1" for 10.0.2.2 at 2016-01-06 09:01:07 +0000


Started GET "/assets/application.self-565a90fd247bd9ef75cf5f71be1e11e37c3ad80695d8bdfb331fe844afbe0a9e.css?body=1" for 10.0.2.2 at 2016-01-06 09:01:07 +0000


Started GET "/assets/bootstrap.self-d0e973a52d36a01036265aeefaf2d1ae3499d2cb231a9be3bd846432daf231de.js?body=1" for 10.0.2.2 at 2016-01-06 09:01:07 +0000


Started GET "/assets/sessions.self-877aef30ae1b040ab8a3aba4e3e309a11d7f2612f44dde450b5c157aa5f95c05.js?body=1" for 10.0.2.2 at 2016-01-06 09:01:07 +0000


Started GET "/assets/static_pages.self-877aef30ae1b040ab8a3aba4e3e309a11d7f2612f44dde450b5c157aa5f95c05.js?body=1" for 10.0.2.2 at 2016-01-06 09:01:07 +0000


Started GET "/assets/users.self-877aef30ae1b040ab8a3aba4e3e309a11d7f2612f44dde450b5c157aa5f95c05.js?body=1" for 10.0.2.2 at 2016-01-06 09:01:07 +0000


Started GET "/assets/application.self-120f3cf1cb67bea53c4a2a57336b34ca04b04b55a55c38cf76ce20a147e5eff9.js?body=1" for 10.0.2.2 at 2016-01-06 09:01:07 +0000


Started GET "/assets/rails-c094bc3a4bf50e5bb477109e5cb0d213af27ad75b481c4df249f50974dbeefe6.png" for 10.0.2.2 at 2016-01-06 09:01:08 +0000


Started GET "/assets/icon-3ad2d97c9c4199fb62977b367394edad86bfa25b056fc49b76bbfc648890700b.png" for 10.0.2.2 at 2016-01-06 09:01:09 +0000


Started GET "/signup" for 10.0.2.2 at 2016-01-06 09:01:14 +0000
Processing by UsersController#new as HTML
  Rendered shared/_error_messages.html.erb (24.3ms)
  Rendered users/new.html.erb within layouts/application (200.9ms)
  Rendered layouts/_shim.html.erb (0.6ms)
  Rendered layouts/_header.html.erb (2.6ms)
  Rendered layouts/_footer.html.erb (1.3ms)
Completed 200 OK in 830ms (Views: 759.2ms | ActiveRecord: 6.9ms)


Started POST "/users" for 10.0.2.2 at 2016-01-06 09:01:35 +0000
Processing by UsersController#create as HTML
  Parameters: {"utf8"=>"✓", "authenticity_token"=>"JCkMbj1lDSSR2Ybq79djiHvQ0RExY33j9Jp1Zasn0z1P1v6xbwuUYUIFA8s5qWgMxubcSqfKEXb2oydsW0VMrQ==", "user"=>{"name"=>"Parfait", "email"=>"xavier.parfait@gmail.com", "password"=>"[FILTERED]", "password_confirmation"=>"[FILTERED]"}, "commit"=>"Create my account"}
  [1m[35m (0.2ms)[0m  begin transaction
  [1m[36mUser Exists (43.1ms)[0m  [1mSELECT  1 AS one FROM "users" WHERE LOWER("users"."email") = LOWER('xavier.parfait@gmail.com') LIMIT 1[0m
  [1m[35mSQL (7.4ms)[0m  INSERT INTO "users" ("name", "email", "password_digest", "created_at", "updated_at") VALUES (?, ?, ?, ?, ?)  [["name", "Parfait"], ["email", "xavier.parfait@gmail.com"], ["password_digest", "$2a$10$UQE4TkfzyZ3oYdAaPHXyduNWLES0gyG9LHFr5K85C0P1wVjqbtDMW"], ["created_at", "2016-01-06 09:01:36.374255"], ["updated_at", "2016-01-06 09:01:36.374255"]]
  [1m[36m (9.1ms)[0m  [1mcommit transaction[0m
Redirected to http://localhost:3000/users/8
Completed 302 Found in 412ms (ActiveRecord: 59.9ms)


Started GET "/users/8" for 10.0.2.2 at 2016-01-06 09:01:36 +0000
Processing by UsersController#show as HTML
  Parameters: {"id"=>"8"}
  [1m[35mUser Load (6.5ms)[0m  SELECT  "users".* FROM "users" WHERE "users"."id" = ? LIMIT 1  [["id", 8]]
  Rendered users/show.html.erb within layouts/application (1.4ms)
  Rendered layouts/_shim.html.erb (0.1ms)
  [1m[36mUser Load (1.6ms)[0m  [1mSELECT  "users".* FROM "users" WHERE "users"."id" = ? LIMIT 1[0m  [["id", 8]]
  Rendered layouts/_header.html.erb (4.9ms)
  Rendered layouts/_footer.html.erb (0.4ms)
Completed 200 OK in 767ms (Views: 639.9ms | ActiveRecord: 8.1ms)


Started DELETE "/logout" for 10.0.2.2 at 2016-01-06 09:01:47 +0000
Processing by SessionsController#destroy as HTML
  Parameters: {"authenticity_token"=>"xWQqtp4wNZkeY4nMwhcP2p4ndsiLMc2smg3qs/3Sb4+um9hpzF6s3M2/DO0UaQReIxF7kx2YoTmYNLi6DbDwHw=="}
  [1m[35mUser Load (2.4ms)[0m  SELECT  "users".* FROM "users" WHERE "users"."id" = ? LIMIT 1  [["id", 8]]
  [1m[36m (0.2ms)[0m  [1mbegin transaction[0m
  [1m[35m (0.1ms)[0m  commit transaction
Redirected to http://localhost:3000/
Completed 302 Found in 15ms (ActiveRecord: 2.8ms)


Started GET "/" for 10.0.2.2 at 2016-01-06 09:01:47 +0000
Processing by StaticPagesController#home as HTML
  Rendered static_pages/home.html.erb within layouts/application (16.1ms)
  Rendered layouts/_shim.html.erb (0.1ms)
  Rendered layouts/_header.html.erb (0.8ms)
  Rendered layouts/_footer.html.erb (0.5ms)
Completed 200 OK in 486ms (Views: 485.1ms | ActiveRecord: 0.0ms)


Started GET "/login" for 10.0.2.2 at 2016-01-06 09:01:51 +0000
Processing by SessionsController#new as HTML
  Rendered sessions/new.html.erb within layouts/application (34.4ms)
  Rendered layouts/_shim.html.erb (0.1ms)
  Rendered layouts/_header.html.erb (0.8ms)
  Rendered layouts/_footer.html.erb (0.4ms)
Completed 200 OK in 563ms (Views: 562.1ms | ActiveRecord: 0.0ms)


Started POST "/login" for 10.0.2.2 at 2016-01-06 09:02:03 +0000
Processing by SessionsController#create as HTML
  Parameters: {"utf8"=>"✓", "authenticity_token"=>"qVToO6ejZEQFAOsb13CEL4SkpmVs+qtBIe1GGTcOIa3Cqxrk9c39AdbcbjoBDo+rOZKrPvpTx9Qj1BQQx2y+PQ==", "session"=>{"email"=>"xavier.parfait@gmail.com", "password"=>"[FILTERED]", "remember_me"=>"0"}, "commit"=>"Log in"}
  [1m[36mUser Load (2.2ms)[0m  [1mSELECT  "users".* FROM "users" WHERE "users"."email" = ? LIMIT 1[0m  [["email", "xavier.parfait@gmail.com"]]
  [1m[35m (0.1ms)[0m  begin transaction
  [1m[36m (0.1ms)[0m  [1mcommit transaction[0m
Redirected to http://localhost:3000/users/8
Completed 302 Found in 281ms (ActiveRecord: 2.5ms)


Started GET "/users/8" for 10.0.2.2 at 2016-01-06 09:02:03 +0000
Processing by UsersController#show as HTML
  Parameters: {"id"=>"8"}
  [1m[35mUser Load (2.3ms)[0m  SELECT  "users".* FROM "users" WHERE "users"."id" = ? LIMIT 1  [["id", 8]]
  Rendered users/show.html.erb within layouts/application (0.5ms)
  Rendered layouts/_shim.html.erb (0.1ms)
  [1m[36mUser Load (2.4ms)[0m  [1mSELECT  "users".* FROM "users" WHERE "users"."id" = ? LIMIT 1[0m  [["id", 8]]
  Rendered layouts/_header.html.erb (5.4ms)
  Rendered layouts/_footer.html.erb (0.3ms)
Completed 200 OK in 445ms (Views: 437.7ms | ActiveRecord: 4.7ms)


Started DELETE "/logout" for 10.0.2.2 at 2016-01-06 09:02:09 +0000
Processing by SessionsController#destroy as HTML
  Parameters: {"authenticity_token"=>"k8+46QsJTXFVfh6+AAAaSVB2vlA2BAD/B9DOJ8cUVPr4MEo2WWfUNIaim5/WfhHN7UCzC6CtbGoF6ZwuN3bLag=="}
  [1m[35mUser Load (2.6ms)[0m  SELECT  "users".* FROM "users" WHERE "users"."id" = ? LIMIT 1  [["id", 8]]
  [1m[36m (0.1ms)[0m  [1mbegin transaction[0m
  [1m[35m (0.1ms)[0m  commit transaction
Redirected to http://localhost:3000/
Completed 302 Found in 11ms (ActiveRecord: 2.8ms)


Started GET "/" for 10.0.2.2 at 2016-01-06 09:02:09 +0000
Processing by StaticPagesController#home as HTML
  Rendered static_pages/home.html.erb within layouts/application (17.6ms)
  Rendered layouts/_shim.html.erb (0.1ms)
  Rendered layouts/_header.html.erb (0.6ms)
  Rendered layouts/_footer.html.erb (0.3ms)
Completed 200 OK in 509ms (Views: 507.7ms | ActiveRecord: 0.0ms)


Started GET "/login" for 10.0.2.2 at 2016-01-06 09:02:17 +0000
Processing by SessionsController#new as HTML
  Rendered sessions/new.html.erb within layouts/application (2.8ms)
  Rendered layouts/_shim.html.erb (0.1ms)
  Rendered layouts/_header.html.erb (0.7ms)
  Rendered layouts/_footer.html.erb (0.4ms)
Completed 200 OK in 522ms (Views: 520.5ms | ActiveRecord: 0.0ms)


Started POST "/login" for 10.0.2.2 at 2016-01-06 09:03:07 +0000
Processing by SessionsController#create as HTML
  Parameters: {"utf8"=>"✓", "authenticity_token"=>"SmYJFIlZc9X4HWznf7ArVBKTCm0esNBUqci+1xOCQ9shmfvL2zfqkCvB6capziDQr6UHNogZvMGr8eze4+DcSw==", "session"=>{"email"=>"xavier.parfait@gmail.com", "password"=>"[FILTERED]", "remember_me"=>"0"}, "commit"=>"Log in"}
  [1m[36mUser Load (1.9ms)[0m  [1mSELECT  "users".* FROM "users" WHERE "users"."email" = ? LIMIT 1[0m  [["email", "xavier.parfait@gmail.com"]]
  [1m[35m (0.1ms)[0m  begin transaction
  [1m[36m (0.1ms)[0m  [1mcommit transaction[0m
Redirected to http://localhost:3000/users/8
Completed 302 Found in 179ms (ActiveRecord: 2.2ms)


Started GET "/users/8" for 10.0.2.2 at 2016-01-06 09:03:07 +0000
Processing by UsersController#show as HTML
  Parameters: {"id"=>"8"}
  [1m[35mUser Load (2.2ms)[0m  SELECT  "users".* FROM "users" WHERE "users"."id" = ? LIMIT 1  [["id", 8]]
  Rendered users/show.html.erb within layouts/application (0.3ms)
  Rendered layouts/_shim.html.erb (0.1ms)
  [1m[36mUser Load (2.1ms)[0m  [1mSELECT  "users".* FROM "users" WHERE "users"."id" = ? LIMIT 1[0m  [["id", 8]]
  Rendered layouts/_header.html.erb (6.2ms)
  Rendered layouts/_footer.html.erb (0.3ms)
Completed 200 OK in 405ms (Views: 397.9ms | ActiveRecord: 4.3ms)


Started DELETE "/logout" for 10.0.2.2 at 2016-01-06 09:03:28 +0000
Processing by SessionsController#destroy as HTML
  Parameters: {"authenticity_token"=>"W4tNPR4+z8HxsG+bym6nwQj8ozOlB0E8zkEAFZT3zWAwdL/iTFBWhCJs6rocEKxFtcquaDOuLanMeFIcZJVS8A=="}
  [1m[35mUser Load (2.6ms)[0m  SELECT  "users".* FROM "users" WHERE "users"."id" = ? LIMIT 1  [["id", 8]]
  [1m[36m (0.2ms)[0m  [1mbegin transaction[0m
  [1m[35m (0.1ms)[0m  commit transaction
Redirected to http://localhost:3000/
Completed 302 Found in 10ms (ActiveRecord: 2.9ms)


Started GET "/" for 10.0.2.2 at 2016-01-06 09:03:28 +0000
Processing by StaticPagesController#home as HTML
  Rendered static_pages/home.html.erb within layouts/application (15.3ms)
  Rendered layouts/_shim.html.erb (0.2ms)
  Rendered layouts/_header.html.erb (0.7ms)
  Rendered layouts/_footer.html.erb (0.4ms)
Completed 200 OK in 505ms (Views: 503.9ms | ActiveRecord: 0.0ms)


Started GET "/login" for 10.0.2.2 at 2016-01-06 09:04:29 +0000
Processing by SessionsController#new as HTML
  Rendered sessions/new.html.erb within layouts/application (2.4ms)
  Rendered layouts/_shim.html.erb (0.1ms)
  Rendered layouts/_header.html.erb (0.8ms)
  Rendered layouts/_footer.html.erb (0.5ms)
Completed 200 OK in 498ms (Views: 496.5ms | ActiveRecord: 0.0ms)
